Configuring bindings-DSL-1.0.23...
Building bindings-DSL-1.0.23...
Preprocessing library bindings-DSL-1.0.23...
[1 of 1] Compiling Bindings.Utilities ( Bindings/Utilities.hs, .stack-work/dist/x86_64-linux/Cabal-1.24.0.0/build/Bindings/Utilities.o )

Bindings/Utilities.hs:2:1: warning: [-Wtabs]
    Tab character found here, and in 11 further locations.
    Please use spaces instead.
Running Haddock for bindings-DSL-1.0.23...
Preprocessing library bindings-DSL-1.0.23...

Bindings/Utilities.hs:2:1: warning: [-Wtabs]
    Tab character found here, and in 11 further locations.
    Please use spaces instead.
Haddock coverage:
  67% (  2 /  3) in 'Bindings.Utilities'
  Missing documentation for:
    Module header
Documentation created:
.stack-work/dist/x86_64-linux/Cabal-1.24.0.0/doc/html/bindings-DSL/index.html,
.stack-work/dist/x86_64-linux/Cabal-1.24.0.0/doc/html/bindings-DSL/bindings-DSL.txt
Installing library in
/home/gaurish/.stack/snapshots/x86_64-linux/lts-7.0/8.0.1/lib/x86_64-linux-ghc-8.0.1/bindings-DSL-1.0.23-GUrVdpTUVQC2JWoov2sGwA
Registering bindings-DSL-1.0.23...
