[1 of 1] Compiling Main             ( /tmp/stack3498/bytes-0.15.2/Setup.lhs, /tmp/stack3498/bytes-0.15.2/.stack-work/dist/x86_64-linux/Cabal-1.24.0.0/setup/Main.o )

/tmp/stack3498/bytes-0.15.2/Setup.lhs:51:69: warning: [-Wdeprecations]
    In the use of type constructor or class ‘InstalledPackageId’
    (imported from Distribution.Package):
    Deprecated: "Use UnitId instead"
Linking /tmp/stack3498/bytes-0.15.2/.stack-work/dist/x86_64-linux/Cabal-1.24.0.0/setup/setup ...
Configuring bytes-0.15.2...
Building bytes-0.15.2...
Preprocessing library bytes-0.15.2...
[1 of 5] Compiling Data.Bytes.Signed ( src/Data/Bytes/Signed.hs, .stack-work/dist/x86_64-linux/Cabal-1.24.0.0/build/Data/Bytes/Signed.o )
[2 of 5] Compiling Data.Bytes.VarInt ( src/Data/Bytes/VarInt.hs, .stack-work/dist/x86_64-linux/Cabal-1.24.0.0/build/Data/Bytes/VarInt.o )
[3 of 5] Compiling Data.Bytes.Put   ( src/Data/Bytes/Put.hs, .stack-work/dist/x86_64-linux/Cabal-1.24.0.0/build/Data/Bytes/Put.o )
[4 of 5] Compiling Data.Bytes.Get   ( src/Data/Bytes/Get.hs, .stack-work/dist/x86_64-linux/Cabal-1.24.0.0/build/Data/Bytes/Get.o )
[5 of 5] Compiling Data.Bytes.Serial ( src/Data/Bytes/Serial.hs, .stack-work/dist/x86_64-linux/Cabal-1.24.0.0/build/Data/Bytes/Serial.o )
Running Haddock for bytes-0.15.2...
Preprocessing library bytes-0.15.2...
Haddock coverage:
  20% (  1 /  5) in 'Data.Bytes.Signed'
  Missing documentation for:
    Unsigned (src/Data/Bytes/Signed.hs:22)
    unsigned (src/Data/Bytes/Signed.hs:37)
    Signed (src/Data/Bytes/Signed.hs:40)
    signed (src/Data/Bytes/Signed.hs:54)
  50% (  1 /  2) in 'Data.Bytes.VarInt'
  Missing documentation for:
    VarInt (src/Data/Bytes/VarInt.hs:29)
  75% (  3 /  4) in 'Data.Bytes.Put'
  Missing documentation for:
    MonadPut (src/Data/Bytes/Put.hs:50)
  75% (  3 /  4) in 'Data.Bytes.Get'
  Missing documentation for:
    MonadGet (src/Data/Bytes/Get.hs:46)
  71% ( 15 / 21) in 'Data.Bytes.Serial'
  Missing documentation for:
    Serial1 (src/Data/Bytes/Serial.hs:661)
    serialize1 (src/Data/Bytes/Serial.hs:734)
    deserialize1 (src/Data/Bytes/Serial.hs:738)
    Serial2 (src/Data/Bytes/Serial.hs:797)
    serialize2 (src/Data/Bytes/Serial.hs:801)
    deserialize2 (src/Data/Bytes/Serial.hs:805)
Warning: Data.Bytes.Put: could not find link destinations for:
    ~
Warning: Data.Bytes.Get: could not find link destinations for:
    ~
Documentation created:
.stack-work/dist/x86_64-linux/Cabal-1.24.0.0/doc/html/bytes/index.html,
.stack-work/dist/x86_64-linux/Cabal-1.24.0.0/doc/html/bytes/bytes.txt
Installing library in
/home/gaurish/.stack/snapshots/x86_64-linux/lts-7.0/8.0.1/lib/x86_64-linux-ghc-8.0.1/bytes-0.15.2-LMf93HWO4lJBy9xhAb4Icx
Registering bytes-0.15.2...
