Configuring cereal-0.5.3.0...
Building cereal-0.5.3.0...
Preprocessing library cereal-0.5.3.0...
[1 of 4] Compiling Data.Serialize.Get ( src/Data/Serialize/Get.hs, .stack-work/dist/x86_64-linux/Cabal-1.24.0.0/build/Data/Serialize/Get.o )
[2 of 4] Compiling Data.Serialize.Put ( src/Data/Serialize/Put.hs, .stack-work/dist/x86_64-linux/Cabal-1.24.0.0/build/Data/Serialize/Put.o )
[3 of 4] Compiling Data.Serialize.IEEE754 ( src/Data/Serialize/IEEE754.hs, .stack-work/dist/x86_64-linux/Cabal-1.24.0.0/build/Data/Serialize/IEEE754.o )
[4 of 4] Compiling Data.Serialize   ( src/Data/Serialize.hs, .stack-work/dist/x86_64-linux/Cabal-1.24.0.0/build/Data/Serialize.o )
Running Haddock for cereal-0.5.3.0...
Preprocessing library cereal-0.5.3.0...
Haddock coverage:
  94% ( 60 / 64) in 'Data.Serialize.Get'
  Missing documentation for:
    label (src/Data/Serialize/Get.hs:272)
    getLazyByteString (src/Data/Serialize/Get.hs:510)
    getShortByteString (src/Data/Serialize/Get.hs:515)
    getTwoOf (src/Data/Serialize/Get.hs:754)
  68% ( 30 / 44) in 'Data.Serialize.Put'
  Missing documentation for:
    Putter (src/Data/Serialize/Put.hs:134)
    putBuilder (src/Data/Serialize/Put.hs:182)
    putShortByteString (src/Data/Serialize/Put.hs:231)
    putTwoOf (src/Data/Serialize/Put.hs:311)
    putListOf (src/Data/Serialize/Put.hs:315)
    putIArrayOf (src/Data/Serialize/Put.hs:321)
    putSeqOf (src/Data/Serialize/Put.hs:327)
    putTreeOf (src/Data/Serialize/Put.hs:333)
    putMapOf (src/Data/Serialize/Put.hs:340)
    putIntMapOf (src/Data/Serialize/Put.hs:344)
    putSetOf (src/Data/Serialize/Put.hs:348)
    putIntSetOf (src/Data/Serialize/Put.hs:352)
    putMaybeOf (src/Data/Serialize/Put.hs:356)
    putEitherOf (src/Data/Serialize/Put.hs:361)
 100% ( 11 / 11) in 'Data.Serialize.IEEE754'
Cannot find documentation for: $example
  87% ( 13 / 15) in 'Data.Serialize'
  Missing documentation for:
    GSerializePut (src/Data/Serialize.hs:550)
    GSerializeGet (src/Data/Serialize.hs:553)
Warning: Data.Serialize.Get: could not find link destinations for:
    get
Warning: Data.Serialize.Put: could not find link destinations for:
    PairS
Warning: Data.Serialize: could not find link destinations for:
    PutSum SumSize GetSum
Documentation created:
.stack-work/dist/x86_64-linux/Cabal-1.24.0.0/doc/html/cereal/index.html,
.stack-work/dist/x86_64-linux/Cabal-1.24.0.0/doc/html/cereal/cereal.txt
Installing library in
/home/gaurish/.stack/snapshots/x86_64-linux/lts-7.0/8.0.1/lib/x86_64-linux-ghc-8.0.1/cereal-0.5.3.0-90KodwwwQanJlL7equBhpB
Registering cereal-0.5.3.0...
