Configuring diagrams-svg-1.4.0.3...
Building diagrams-svg-1.4.0.3...
Preprocessing library diagrams-svg-1.4.0.3...
[1 of 3] Compiling Graphics.Rendering.SVG ( src/Graphics/Rendering/SVG.hs, .stack-work/dist/x86_64-linux/Cabal-1.24.0.0/build/Graphics/Rendering/SVG.o )
[2 of 3] Compiling Diagrams.Backend.SVG ( src/Diagrams/Backend/SVG.hs, .stack-work/dist/x86_64-linux/Cabal-1.24.0.0/build/Diagrams/Backend/SVG.o )
[3 of 3] Compiling Diagrams.Backend.SVG.CmdLine ( src/Diagrams/Backend/SVG/CmdLine.hs, .stack-work/dist/x86_64-linux/Cabal-1.24.0.0/build/Diagrams/Backend/SVG/CmdLine.o )
Running Haddock for diagrams-svg-1.4.0.3...
Preprocessing library diagrams-svg-1.4.0.3...
Haddock coverage:
  22% (  4 / 18) in 'Graphics.Rendering.SVG'
  Missing documentation for:
    AttributeValue (src/Graphics/Rendering/SVG.hs:79)
    renderPath (src/Graphics/Rendering/SVG.hs:101)
    renderClip (src/Graphics/Rendering/SVG.hs:128)
    renderText (src/Graphics/Rendering/SVG.hs:259)
    renderDImage (src/Graphics/Rendering/SVG.hs:245)
    renderDImageEmb (src/Graphics/Rendering/SVG.hs:237)
    renderStyles (src/Graphics/Rendering/SVG.hs:284)
    renderMiterLimit (src/Graphics/Rendering/SVG.hs:300)
    renderFillTextureDefs (src/Graphics/Rendering/SVG.hs:193)
    renderFillTexture (src/Graphics/Rendering/SVG.hs:201)
    renderLineTextureDefs (src/Graphics/Rendering/SVG.hs:214)
    renderLineTexture (src/Graphics/Rendering/SVG.hs:221)
    dataUri (src/Graphics/Rendering/SVG.hs:234)
    getNumAttr (src/Graphics/Rendering/SVG.hs:81)
  93% ( 14 / 15) in 'Diagrams.Backend.SVG'
  Missing documentation for:
    B (src/Diagrams/Backend/SVG.hs:163)
  70% (  7 / 10) in 'Diagrams.Backend.SVG.CmdLine'
  Missing documentation for:
    defaultMain (src/Diagrams/Backend/SVG/CmdLine.hs:147)
    multiMain (src/Diagrams/Backend/SVG/CmdLine.hs:196)
    B (src/Diagrams/Backend/SVG.hs:163)
Warning: Diagrams.Backend.SVG: could not find link destinations for:
    D:R:OptionsSVGV2n0 SVGOptions _size _svgDefinitions _idPrefix _svgAttributes _generateDoctype D:R:RenderSVGV2n0 R SvgRenderM D:R:OptionsNullBackendvn0
Warning: Diagrams.Backend.SVG.CmdLine: could not find link destinations for:
    D:R:OptionsSVGV2n0 SVGOptions _size _svgDefinitions _idPrefix _svgAttributes _generateDoctype D:R:RenderSVGV2n0 R SvgRenderM
Documentation created:
.stack-work/dist/x86_64-linux/Cabal-1.24.0.0/doc/html/diagrams-svg/index.html,
.stack-work/dist/x86_64-linux/Cabal-1.24.0.0/doc/html/diagrams-svg/diagrams-svg.txt
Installing library in
/home/gaurish/.stack/snapshots/x86_64-linux/lts-7.0/8.0.1/lib/x86_64-linux-ghc-8.0.1/diagrams-svg-1.4.0.3-EDFY3lTaKkX8FRmS46tTYU
Registering diagrams-svg-1.4.0.3...
