Configuring diagrams-canvas-1.3.0.6...
Building diagrams-canvas-1.3.0.6...
Preprocessing library diagrams-canvas-1.3.0.6...
[1 of 2] Compiling Diagrams.Backend.Canvas ( src/Diagrams/Backend/Canvas.hs, .stack-work/dist/x86_64-linux/Cabal-1.24.0.0/build/Diagrams/Backend/Canvas.o )

src/Diagrams/Backend/Canvas.hs:323:11: warning: [-Woverlapping-patterns]
    Pattern match is redundant
    In a case alternative: _ -> ...
[2 of 2] Compiling Diagrams.Backend.Canvas.CmdLine ( src/Diagrams/Backend/Canvas/CmdLine.hs, .stack-work/dist/x86_64-linux/Cabal-1.24.0.0/build/Diagrams/Backend/Canvas/CmdLine.o )
Running Haddock for diagrams-canvas-1.3.0.6...
Preprocessing library diagrams-canvas-1.3.0.6...
Warning: The documentation for the following packages are not installed. No
links will be generated to these packages: bytestring-builder-0.10.8.1.0,
fail-4.9.0.0, nats-1.1.1

src/Diagrams/Backend/Canvas.hs:323:11: warning: [-Woverlapping-patterns]
    Pattern match is redundant
    In a case alternative: _ -> ...
Haddock coverage:
  60% (  3 /  5) in 'Diagrams.Backend.Canvas'
  Missing documentation for:
    B (src/Diagrams/Backend/Canvas.hs:117)
    renderCanvas (src/Diagrams/Backend/Canvas.hs:429)
  62% (  5 /  8) in 'Diagrams.Backend.Canvas.CmdLine'
  Missing documentation for:
    defaultMain (src/Diagrams/Backend/Canvas/CmdLine.hs:100)
    multiMain (src/Diagrams/Backend/Canvas/CmdLine.hs:122)
    B (src/Diagrams/Backend/Canvas.hs:117)
Warning: Diagrams.Backend.Canvas: could not find link destinations for:
    D:R:OptionsCanvasV2Double0 CanvasOptions _canvasSize D:R:RenderCanvasV2Double0 C RenderM D:R:OptionsNullBackendvn0
Warning: Diagrams.Backend.Canvas.CmdLine: could not find link destinations for:
    D:R:OptionsCanvasV2Double0 CanvasOptions _canvasSize D:R:RenderCanvasV2Double0 C RenderM
Documentation created:
.stack-work/dist/x86_64-linux/Cabal-1.24.0.0/doc/html/diagrams-canvas/index.html,
.stack-work/dist/x86_64-linux/Cabal-1.24.0.0/doc/html/diagrams-canvas/diagrams-canvas.txt
Installing library in
/home/gaurish/.stack/snapshots/x86_64-linux/lts-7.0/8.0.1/lib/x86_64-linux-ghc-8.0.1/diagrams-canvas-1.3.0.6-3kSnMHxL1s44TO82kBpr53
Registering diagrams-canvas-1.3.0.6...
