Configuring fsnotify-0.2.1...
Building fsnotify-0.2.1...
Preprocessing library fsnotify-0.2.1...
[1 of 7] Compiling System.FSNotify.Types ( src/System/FSNotify/Types.hs, .stack-work/dist/x86_64-linux/Cabal-1.24.0.0/build/System/FSNotify/Types.o )
[2 of 7] Compiling System.FSNotify.Path ( src/System/FSNotify/Path.hs, .stack-work/dist/x86_64-linux/Cabal-1.24.0.0/build/System/FSNotify/Path.o )

src/System/FSNotify/Path.hs:17:1: warning: [-Wunused-imports]
    The import of ‘Control.Applicative’ is redundant
      except perhaps to import instances from ‘Control.Applicative’
    To import instances alone, use: import Control.Applicative()
[3 of 7] Compiling System.FSNotify.Listener ( src/System/FSNotify/Listener.hs, .stack-work/dist/x86_64-linux/Cabal-1.24.0.0/build/System/FSNotify/Listener.o )
[4 of 7] Compiling System.FSNotify.Polling ( src/System/FSNotify/Polling.hs, .stack-work/dist/x86_64-linux/Cabal-1.24.0.0/build/System/FSNotify/Polling.o )

src/System/FSNotify/Polling.hs:14:1: warning: [-Wunused-imports]
    The import of ‘Control.Applicative’ is redundant
      except perhaps to import instances from ‘Control.Applicative’
    To import instances alone, use: import Control.Applicative()
[5 of 7] Compiling System.FSNotify.Linux ( src/System/FSNotify/Linux.hs, .stack-work/dist/x86_64-linux/Cabal-1.24.0.0/build/System/FSNotify/Linux.o )
[6 of 7] Compiling System.FSNotify  ( src/System/FSNotify.hs, .stack-work/dist/x86_64-linux/Cabal-1.24.0.0/build/System/FSNotify.o )

src/System/FSNotify.hs:67:1: warning: [-Wunused-imports]
    The import of ‘Control.Applicative’ is redundant
      except perhaps to import instances from ‘Control.Applicative’
    To import instances alone, use: import Control.Applicative()
[7 of 7] Compiling System.FSNotify.Devel ( src/System/FSNotify/Devel.hs, .stack-work/dist/x86_64-linux/Cabal-1.24.0.0/build/System/FSNotify/Devel.o )

src/System/FSNotify/Devel.hs:52:1: warning: [-Wredundant-constraints]
    • Redundant constraint: Monad m
    • In the type signature for:
           doAllEvents :: Monad m => (FilePath -> m ()) -> Event -> m ()
Running Haddock for fsnotify-0.2.1...
Preprocessing library fsnotify-0.2.1...

src/System/FSNotify/Path.hs:17:1: warning: [-Wunused-imports]
    The import of ‘Control.Applicative’ is redundant
      except perhaps to import instances from ‘Control.Applicative’
    To import instances alone, use: import Control.Applicative()

src/System/FSNotify/Polling.hs:14:1: warning: [-Wunused-imports]
    The import of ‘Control.Applicative’ is redundant
      except perhaps to import instances from ‘Control.Applicative’
    To import instances alone, use: import Control.Applicative()

src/System/FSNotify.hs:67:1: warning: [-Wunused-imports]
    The import of ‘Control.Applicative’ is redundant
      except perhaps to import instances from ‘Control.Applicative’
    To import instances alone, use: import Control.Applicative()

src/System/FSNotify/Devel.hs:52:1: warning: [-Wredundant-constraints]
    • Redundant constraint: Monad m
    • In the type signature for:
           doAllEvents :: Monad m => (FilePath -> m ()) -> Event -> m ()
Haddock coverage:
  77% ( 10 / 13) in 'System.FSNotify.Types'
  Missing documentation for:
    Module header
    EventChannel (src/System/FSNotify/Types.hs:51)
    IOEvent (src/System/FSNotify/Types.hs:84)
  17% (  1 /  6) in 'System.FSNotify.Path'
  Missing documentation for:
    Module header
    findFiles (src/System/FSNotify/Path.hs:59)
    findDirs (src/System/FSNotify/Path.hs:63)
    canonicalizeDirPath (src/System/FSNotify/Path.hs:71)
    hasThisExtension (src/System/FSNotify/Path.hs:80)
  83% (  5 /  6) in 'System.FSNotify.Listener'
  Missing documentation for:
    Module header
  25% (  1 /  4) in 'System.FSNotify.Polling'
  Missing documentation for:
    Module header
    createPollManager (src/System/FSNotify/Polling.hs:94)
    PollManager (src/System/FSNotify/Polling.hs:38)
  33% (  1 /  3) in 'System.FSNotify.Linux'
  Missing documentation for:
    Module header
    NativeManager (src/System/FSNotify/Linux.hs:29)
  96% ( 24 / 25) in 'System.FSNotify'
  Missing documentation for:
    EventChannel (src/System/FSNotify/Types.hs:51)
 100% (  6 /  6) in 'System.FSNotify.Devel'
Documentation created:
.stack-work/dist/x86_64-linux/Cabal-1.24.0.0/doc/html/fsnotify/index.html,
.stack-work/dist/x86_64-linux/Cabal-1.24.0.0/doc/html/fsnotify/fsnotify.txt
Installing library in
/home/gaurish/.stack/snapshots/x86_64-linux/lts-7.0/8.0.1/lib/x86_64-linux-ghc-8.0.1/fsnotify-0.2.1-AHgj8bHXWOKCEVA8FyxdDv
Registering fsnotify-0.2.1...
