Configuring groups-0.4.0.0...
Building groups-0.4.0.0...
Preprocessing library groups-0.4.0.0...
[1 of 1] Compiling Data.Group       ( src/Data/Group.hs, .stack-work/dist/x86_64-linux/Cabal-1.24.0.0/build/Data/Group.o )
Running Haddock for groups-0.4.0.0...
Preprocessing library groups-0.4.0.0...
Haddock coverage:
  10% (  2 / 21) in 'Data.Group'
  Missing documentation for:
    Module header
     (src/Data/Group.hs:32)
     (src/Data/Group.hs:36)
     (src/Data/Group.hs:41)
     (src/Data/Group.hs:46)
     (src/Data/Group.hs:51)
     (src/Data/Group.hs:55)
     (src/Data/Group.hs:59)
     (src/Data/Group.hs:63)
     (src/Data/Group.hs:67)
     (src/Data/Group.hs:76)
     (src/Data/Group.hs:78)
     (src/Data/Group.hs:80)
     (src/Data/Group.hs:82)
     (src/Data/Group.hs:84)
     (src/Data/Group.hs:86)
     (src/Data/Group.hs:88)
     (src/Data/Group.hs:90)
     (src/Data/Group.hs:92)
Documentation created:
.stack-work/dist/x86_64-linux/Cabal-1.24.0.0/doc/html/groups/index.html,
.stack-work/dist/x86_64-linux/Cabal-1.24.0.0/doc/html/groups/groups.txt
Installing library in
/home/gaurish/.stack/snapshots/x86_64-linux/lts-7.0/8.0.1/lib/x86_64-linux-ghc-8.0.1/groups-0.4.0.0-53wMJ09LBR64aEJqWveBMG
Registering groups-0.4.0.0...
