Configuring hinotify-0.3.8.1...
Building hinotify-0.3.8.1...
Preprocessing library hinotify-0.3.8.1...
[1 of 2] Compiling System.INotify.Masks ( .stack-work/dist/x86_64-linux/Cabal-1.24.0.0/build/System/INotify/Masks.hs, .stack-work/dist/x86_64-linux/Cabal-1.24.0.0/build/System/INotify/Masks.o )
[2 of 2] Compiling System.INotify   ( .stack-work/dist/x86_64-linux/Cabal-1.24.0.0/build/System/INotify.hs, .stack-work/dist/x86_64-linux/Cabal-1.24.0.0/build/System/INotify.o )
Running Haddock for hinotify-0.3.8.1...
Preprocessing library hinotify-0.3.8.1...
Haddock coverage:
   0% (  0 / 27) in 'System.INotify.Masks'
  Missing documentation for:
    Module header
    inAccess (src/System/INotify/Masks.hsc:82)
    inModify (src/System/INotify/Masks.hsc:84)
    inAttrib (src/System/INotify/Masks.hsc:86)
    inCloseWrite (src/System/INotify/Masks.hsc:88)
    inCloseNowrite (src/System/INotify/Masks.hsc:83)
    inOpen (src/System/INotify/Masks.hsc:85)
    inMovedFrom (src/System/INotify/Masks.hsc:87)
    inMovedTo (src/System/INotify/Masks.hsc:89)
    inMoveSelf (src/System/INotify/Masks.hsc:90)
    inCreate (src/System/INotify/Masks.hsc:84)
    inDelete (src/System/INotify/Masks.hsc:86)
    inDeleteSelf (src/System/INotify/Masks.hsc:88)
    inUnmount (src/System/INotify/Masks.hsc:86)
    inQOverflow (src/System/INotify/Masks.hsc:88)
    inIgnored (src/System/INotify/Masks.hsc:90)
    inClose (src/System/INotify/Masks.hsc:88)
    inMove (src/System/INotify/Masks.hsc:90)
    inOnlydir (src/System/INotify/Masks.hsc:90)
    inDontFollow (src/System/INotify/Masks.hsc:92)
    inMaskAdd (src/System/INotify/Masks.hsc:94)
    inIsdir (src/System/INotify/Masks.hsc:96)
    inOneshot (src/System/INotify/Masks.hsc:91)
    inAllEvents (src/System/INotify/Masks.hsc:93)
    maskIsSet (src/System/INotify/Masks.hsc:44)
    joinMasks (src/System/INotify/Masks.hsc:79)
    Mask (src/System/INotify/Masks.hsc:36)
   9% (  1 / 11) in 'System.INotify'
  Missing documentation for:
    initINotify (src/System/INotify.hsc:176)
    killINotify (src/System/INotify.hsc:331)
    withINotify (src/System/INotify.hsc:337)
    addWatch (src/System/INotify.hsc:189)
    removeWatch (src/System/INotify.hsc:244)
    INotify (src/System/INotify.hsc:70)
    WatchDescriptor (src/System/INotify.hsc:71)
    Event (src/System/INotify.hsc:80)
    EventVariety (src/System/INotify.hsc:143)
    Cookie (src/System/INotify.hsc:76)
Warning: System.INotify: could not find link destinations for:
    FDEvent
Documentation created:
.stack-work/dist/x86_64-linux/Cabal-1.24.0.0/doc/html/hinotify/index.html,
.stack-work/dist/x86_64-linux/Cabal-1.24.0.0/doc/html/hinotify/hinotify.txt
Installing library in
/home/gaurish/.stack/snapshots/x86_64-linux/lts-7.0/8.0.1/lib/x86_64-linux-ghc-8.0.1/hinotify-0.3.8.1-Gq67SHpnhelljPBDnXAk3
Registering hinotify-0.3.8.1...
