[1 of 1] Compiling Main             ( /tmp/stack13269/intervals-0.7.2/Setup.lhs, /tmp/stack13269/intervals-0.7.2/.stack-work/dist/x86_64-linux/Cabal-1.24.0.0/setup/Main.o )

/tmp/stack13269/intervals-0.7.2/Setup.lhs:51:69: warning: [-Wdeprecations]
    In the use of type constructor or class ‘InstalledPackageId’
    (imported from Distribution.Package):
    Deprecated: "Use UnitId instead"
Linking /tmp/stack13269/intervals-0.7.2/.stack-work/dist/x86_64-linux/Cabal-1.24.0.0/setup/setup ...
Configuring intervals-0.7.2...
Building intervals-0.7.2...
Preprocessing library intervals-0.7.2...
[1 of 6] Compiling Numeric.Interval.Exception ( src/Numeric/Interval/Exception.hs, .stack-work/dist/x86_64-linux/Cabal-1.24.0.0/build/Numeric/Interval/Exception.o )
[2 of 6] Compiling Numeric.Interval.Internal ( src/Numeric/Interval/Internal.hs, .stack-work/dist/x86_64-linux/Cabal-1.24.0.0/build/Numeric/Interval/Internal.o )
[3 of 6] Compiling Numeric.Interval.Kaucher ( src/Numeric/Interval/Kaucher.hs, .stack-work/dist/x86_64-linux/Cabal-1.24.0.0/build/Numeric/Interval/Kaucher.o )
[4 of 6] Compiling Numeric.Interval.NonEmpty.Internal ( src/Numeric/Interval/NonEmpty/Internal.hs, .stack-work/dist/x86_64-linux/Cabal-1.24.0.0/build/Numeric/Interval/NonEmpty/Internal.o )
[5 of 6] Compiling Numeric.Interval.NonEmpty ( src/Numeric/Interval/NonEmpty.hs, .stack-work/dist/x86_64-linux/Cabal-1.24.0.0/build/Numeric/Interval/NonEmpty.o )
[6 of 6] Compiling Numeric.Interval ( src/Numeric/Interval.hs, .stack-work/dist/x86_64-linux/Cabal-1.24.0.0/build/Numeric/Interval.o )
Running Haddock for intervals-0.7.2...
Preprocessing library intervals-0.7.2...
Haddock coverage:
   0% (  0 /  3) in 'Numeric.Interval.Exception'
  Missing documentation for:
    Module header
    EmptyInterval (src/Numeric/Interval/Exception.hs:10)
    AmbiguousComparison (src/Numeric/Interval/Exception.hs:18)
  88% ( 38 / 43) in 'Numeric.Interval.Internal'
  Missing documentation for:
    Interval (src/Numeric/Interval/Internal.hs:70)
    ... (src/Numeric/Interval/Internal.hs:111)
    +/- (src/Numeric/Interval/Internal.hs:89)
    interval (src/Numeric/Interval/Internal.hs:100)
    bisectIntegral (src/Numeric/Interval/Internal.hs:379)
  98% ( 41 / 42) in 'Numeric.Interval.Kaucher'
  Missing documentation for:
    Interval (src/Numeric/Interval/Kaucher.hs:72)
  95% ( 39 / 41) in 'Numeric.Interval.NonEmpty.Internal'
  Missing documentation for:
    Interval (src/Numeric/Interval/NonEmpty/Internal.hs:76)
    bisectIntegral (src/Numeric/Interval/NonEmpty/Internal.hs:296)
  95% ( 39 / 41) in 'Numeric.Interval.NonEmpty'
  Missing documentation for:
    Interval (src/Numeric/Interval/NonEmpty/Internal.hs:76)
    bisectIntegral (src/Numeric/Interval/NonEmpty/Internal.hs:296)
  88% ( 38 / 43) in 'Numeric.Interval'
  Missing documentation for:
    Interval (src/Numeric/Interval/Internal.hs:70)
    ... (src/Numeric/Interval/Internal.hs:111)
    +/- (src/Numeric/Interval/Internal.hs:89)
    interval (src/Numeric/Interval/Internal.hs:100)
    bisectIntegral (src/Numeric/Interval/Internal.hs:379)
Documentation created:
.stack-work/dist/x86_64-linux/Cabal-1.24.0.0/doc/html/intervals/index.html,
.stack-work/dist/x86_64-linux/Cabal-1.24.0.0/doc/html/intervals/intervals.txt
Installing library in
/home/gaurish/.stack/snapshots/x86_64-linux/lts-7.0/8.0.1/lib/x86_64-linux-ghc-8.0.1/intervals-0.7.2-4gtMcWPi2Kb31SBXXtHLBm
Registering intervals-0.7.2...
