[1 of 1] Compiling Main             ( /tmp/stack3498/linear-1.20.5/Setup.lhs, /tmp/stack3498/linear-1.20.5/.stack-work/dist/x86_64-linux/Cabal-1.24.0.0/setup/Main.o )

/tmp/stack3498/linear-1.20.5/Setup.lhs:44:69: warning: [-Wdeprecations]
    In the use of type constructor or class ‘InstalledPackageId’
    (imported from Distribution.Package):
    Deprecated: "Use UnitId instead"
Linking /tmp/stack3498/linear-1.20.5/.stack-work/dist/x86_64-linux/Cabal-1.24.0.0/setup/setup ...
Configuring linear-1.20.5...
Building linear-1.20.5...
Preprocessing library linear-1.20.5...
[ 1 of 22] Compiling Linear.Instances ( src/Linear/Instances.hs, .stack-work/dist/x86_64-linux/Cabal-1.24.0.0/build/Linear/Instances.o )
[ 2 of 22] Compiling Linear.Vector    ( src/Linear/Vector.hs, .stack-work/dist/x86_64-linux/Cabal-1.24.0.0/build/Linear/Vector.o )
[ 3 of 22] Compiling Linear.Epsilon   ( src/Linear/Epsilon.hs, .stack-work/dist/x86_64-linux/Cabal-1.24.0.0/build/Linear/Epsilon.o )
[ 4 of 22] Compiling Linear.Metric    ( src/Linear/Metric.hs, .stack-work/dist/x86_64-linux/Cabal-1.24.0.0/build/Linear/Metric.o )
[ 5 of 22] Compiling Linear.V         ( src/Linear/V.hs, .stack-work/dist/x86_64-linux/Cabal-1.24.0.0/build/Linear/V.o )

src/Linear/V.hs:161:3: warning: [-Wredundant-constraints]
    • Redundant constraint: Reifies n Int
    • In the type signature for:
           go :: Reifies n Int => (Proxy (ReifiedDim n) -> a) -> proxy n -> a
      In an equation for ‘reifyDim’:
          reifyDim i f
            = reify i (go f)
            where
                go :: Reifies n Int => (Proxy (ReifiedDim n) -> a) -> proxy n -> a
                go g _ = g Proxy
[ 6 of 22] Compiling Linear.V0        ( src/Linear/V0.hs, .stack-work/dist/x86_64-linux/Cabal-1.24.0.0/build/Linear/V0.o )
[ 7 of 22] Compiling Linear.V1        ( src/Linear/V1.hs, .stack-work/dist/x86_64-linux/Cabal-1.24.0.0/build/Linear/V1.o )
[ 8 of 22] Compiling Linear.V2        ( src/Linear/V2.hs, .stack-work/dist/x86_64-linux/Cabal-1.24.0.0/build/Linear/V2.o )
[ 9 of 22] Compiling Linear.V3        ( src/Linear/V3.hs, .stack-work/dist/x86_64-linux/Cabal-1.24.0.0/build/Linear/V3.o )
[10 of 22] Compiling Linear.V4        ( src/Linear/V4.hs, .stack-work/dist/x86_64-linux/Cabal-1.24.0.0/build/Linear/V4.o )
[11 of 22] Compiling Linear.Plucker   ( src/Linear/Plucker.hs, .stack-work/dist/x86_64-linux/Cabal-1.24.0.0/build/Linear/Plucker.o )
[12 of 22] Compiling Linear.Plucker.Coincides ( src/Linear/Plucker/Coincides.hs, .stack-work/dist/x86_64-linux/Cabal-1.24.0.0/build/Linear/Plucker/Coincides.o )
[13 of 22] Compiling Linear.Conjugate ( src/Linear/Conjugate.hs, .stack-work/dist/x86_64-linux/Cabal-1.24.0.0/build/Linear/Conjugate.o )
[14 of 22] Compiling Linear.Quaternion ( src/Linear/Quaternion.hs, .stack-work/dist/x86_64-linux/Cabal-1.24.0.0/build/Linear/Quaternion.o )
[15 of 22] Compiling Linear.Trace     ( src/Linear/Trace.hs, .stack-work/dist/x86_64-linux/Cabal-1.24.0.0/build/Linear/Trace.o )
[16 of 22] Compiling Linear.Matrix    ( src/Linear/Matrix.hs, .stack-work/dist/x86_64-linux/Cabal-1.24.0.0/build/Linear/Matrix.o )
[17 of 22] Compiling Linear.Projection ( src/Linear/Projection.hs, .stack-work/dist/x86_64-linux/Cabal-1.24.0.0/build/Linear/Projection.o )
[18 of 22] Compiling Linear.Binary    ( src/Linear/Binary.hs, .stack-work/dist/x86_64-linux/Cabal-1.24.0.0/build/Linear/Binary.o )
[19 of 22] Compiling Linear.Algebra   ( src/Linear/Algebra.hs, .stack-work/dist/x86_64-linux/Cabal-1.24.0.0/build/Linear/Algebra.o )
[20 of 22] Compiling Linear.Covector  ( src/Linear/Covector.hs, .stack-work/dist/x86_64-linux/Cabal-1.24.0.0/build/Linear/Covector.o )
[21 of 22] Compiling Linear.Affine    ( src/Linear/Affine.hs, .stack-work/dist/x86_64-linux/Cabal-1.24.0.0/build/Linear/Affine.o )
[22 of 22] Compiling Linear           ( src/Linear.hs, .stack-work/dist/x86_64-linux/Cabal-1.24.0.0/build/Linear.o )
Running Haddock for linear-1.20.5...
Preprocessing library linear-1.20.5...

src/Linear/V.hs:161:3: warning: [-Wredundant-constraints]
    • Redundant constraint: Reifies n Int
    • In the type signature for:
           go :: Reifies n Int => (Proxy (ReifiedDim n) -> a) -> proxy n -> a
      In an equation for ‘reifyDim’:
          reifyDim i f
            = reify i (go f)
            where
                go :: Reifies n Int => (Proxy (ReifiedDim n) -> a) -> proxy n -> a
                go g _ = g Proxy
Haddock coverage:
 100% (  1 /  1) in 'Linear.Instances'
 100% ( 13 / 13) in 'Linear.Vector'
 100% (  2 /  2) in 'Linear.Epsilon'
 100% (  4 /  4) in 'Linear.Metric'
  20% (  2 / 10) in 'Linear.V'
  Missing documentation for:
    V (src/Linear/V.hs:120)
    dim (src/Linear/V.hs:127)
    Dim (src/Linear/V.hs:112)
    reifyDim (src/Linear/V.hs:159)
    reifyVector (src/Linear/V.hs:165)
    reifyDimNat (src/Linear/V.hs:149)
    reifyVectorNat (src/Linear/V.hs:153)
    fromVector (src/Linear/V.hs:353)
 100% (  2 /  2) in 'Linear.V0'
  75% (  3 /  4) in 'Linear.V1'
  Missing documentation for:
    ex (src/Linear/V1.hs:234)
  70% (  7 / 10) in 'Linear.V2'
  Missing documentation for:
    ex (src/Linear/V1.hs:234)
    ey (src/Linear/V2.hs:254)
    angle (src/Linear/V2.hs:392)
  40% (  8 / 20) in 'Linear.V3'
  Missing documentation for:
    _xz (src/Linear/V3.hs:231)
    _yz (src/Linear/V3.hs:231)
    _zx (src/Linear/V3.hs:231)
    _zy (src/Linear/V3.hs:231)
    _xzy (src/Linear/V3.hs:245)
    _yxz (src/Linear/V3.hs:245)
    _yzx (src/Linear/V3.hs:245)
    _zxy (src/Linear/V3.hs:245)
    _zyx (src/Linear/V3.hs:245)
    ex (src/Linear/V1.hs:234)
    ey (src/Linear/V2.hs:254)
    ez (src/Linear/V3.hs:262)
  14% ( 10 / 70) in 'Linear.V4'
  Missing documentation for:
    _xz (src/Linear/V3.hs:231)
    _yz (src/Linear/V3.hs:231)
    _zx (src/Linear/V3.hs:231)
    _zy (src/Linear/V3.hs:231)
    _xzy (src/Linear/V3.hs:245)
    _yxz (src/Linear/V3.hs:245)
    _yzx (src/Linear/V3.hs:245)
    _zxy (src/Linear/V3.hs:245)
    _zyx (src/Linear/V3.hs:245)
    _xw (src/Linear/V4.hs:241)
    _yw (src/Linear/V4.hs:241)
    _zw (src/Linear/V4.hs:241)
    _wx (src/Linear/V4.hs:241)
    _wy (src/Linear/V4.hs:241)
    _wz (src/Linear/V4.hs:241)
    _xyw (src/Linear/V4.hs:260)
    _xzw (src/Linear/V4.hs:260)
    _xwy (src/Linear/V4.hs:260)
    _xwz (src/Linear/V4.hs:260)
    _yxw (src/Linear/V4.hs:260)
    _yzw (src/Linear/V4.hs:260)
    _ywx (src/Linear/V4.hs:260)
    _ywz (src/Linear/V4.hs:260)
    _zxw (src/Linear/V4.hs:260)
    _zyw (src/Linear/V4.hs:260)
    _zwx (src/Linear/V4.hs:260)
    _zwy (src/Linear/V4.hs:260)
    _wxy (src/Linear/V4.hs:260)
    _wxz (src/Linear/V4.hs:260)
    _wyx (src/Linear/V4.hs:260)
    _wyz (src/Linear/V4.hs:260)
    _wzx (src/Linear/V4.hs:260)
    _wzy (src/Linear/V4.hs:260)
    _xywz (src/Linear/V4.hs:315)
    _xzyw (src/Linear/V4.hs:315)
    _xzwy (src/Linear/V4.hs:315)
    _xwyz (src/Linear/V4.hs:315)
    _xwzy (src/Linear/V4.hs:315)
    _yxzw (src/Linear/V4.hs:315)
    _yxwz (src/Linear/V4.hs:315)
    _yzxw (src/Linear/V4.hs:315)
    _yzwx (src/Linear/V4.hs:315)
    _ywxz (src/Linear/V4.hs:315)
    _ywzx (src/Linear/V4.hs:315)
    _zxyw (src/Linear/V4.hs:315)
    _zxwy (src/Linear/V4.hs:315)
    _zyxw (src/Linear/V4.hs:315)
    _zywx (src/Linear/V4.hs:315)
    _zwxy (src/Linear/V4.hs:315)
    _zwyx (src/Linear/V4.hs:315)
    _wxyz (src/Linear/V4.hs:315)
    _wxzy (src/Linear/V4.hs:315)
    _wyxz (src/Linear/V4.hs:315)
    _wyzx (src/Linear/V4.hs:315)
    _wzxy (src/Linear/V4.hs:315)
    _wzyx (src/Linear/V4.hs:315)
    ex (src/Linear/V1.hs:234)
    ey (src/Linear/V2.hs:254)
    ez (src/Linear/V3.hs:262)
    ew (src/Linear/V4.hs:387)
  83% ( 30 / 36) in 'Linear.Plucker'
  Missing documentation for:
    e01 (src/Linear/Plucker.hs:382)
    e02 (src/Linear/Plucker.hs:382)
    e03 (src/Linear/Plucker.hs:382)
    e12 (src/Linear/Plucker.hs:382)
    e31 (src/Linear/Plucker.hs:382)
    e23 (src/Linear/Plucker.hs:382)
 100% (  2 /  2) in 'Linear.Plucker.Coincides'
 100% (  3 /  3) in 'Linear.Conjugate'
  79% ( 15 / 19) in 'Linear.Quaternion'
  Missing documentation for:
    ee (src/Linear/Quaternion.hs:277)
    ei (src/Linear/Quaternion.hs:277)
    ej (src/Linear/Quaternion.hs:298)
    ek (src/Linear/Quaternion.hs:298)
  50% (  1 /  2) in 'Linear.Trace'
  Missing documentation for:
    Trace (src/Linear/Trace.hs:49)
  98% ( 43 / 44) in 'Linear.Matrix'
  Missing documentation for:
    Trace (src/Linear/Trace.hs:49)
  80% (  8 / 10) in 'Linear.Projection'
  Missing documentation for:
    inverseInfinitePerspective (src/Linear/Projection.hs:178)
    inverseFrustum (src/Linear/Projection.hs:133)
 100% (  3 /  3) in 'Linear.Binary'
  43% (  3 /  7) in 'Linear.Algebra'
  Missing documentation for:
    multRep (src/Linear/Algebra.hs:41)
    unitalRep (src/Linear/Algebra.hs:44)
    comultRep (src/Linear/Algebra.hs:85)
    counitalRep (src/Linear/Algebra.hs:88)
  67% (  2 /  3) in 'Linear.Covector'
  Missing documentation for:
    $* (src/Linear/Covector.hs:30)
  14% (  7 / 49) in 'Linear.Affine'
  Missing documentation for:
     (src/Linear/Affine.hs:114)
     (src/Linear/Affine.hs:115)
     (src/Linear/Affine.hs:116)
     (src/Linear/Affine.hs:117)
     (src/Linear/Affine.hs:118)
     (src/Linear/Affine.hs:119)
     (src/Linear/Affine.hs:120)
     (src/Linear/Affine.hs:121)
     (src/Linear/Affine.hs:122)
     (src/Linear/Affine.hs:123)
     (src/Linear/Affine.hs:124)
     (src/Linear/Affine.hs:125)
     (src/Linear/Affine.hs:126)
     (src/Linear/Affine.hs:127)
     (src/Linear/Affine.hs:128)
     (src/Linear/Affine.hs:129)
     (src/Linear/Affine.hs:130)
     (src/Linear/Affine.hs:131)
     (src/Linear/Affine.hs:152)
     (src/Linear/Affine.hs:155)
     (src/Linear/Affine.hs:159)
     (src/Linear/Affine.hs:163)
     (src/Linear/Affine.hs:167)
    lensP (src/Linear/Affine.hs:179)
    _Point (src/Linear/Affine.hs:183)
     (src/Linear/Affine.hs:187)
     (src/Linear/Affine.hs:188)
     (src/Linear/Affine.hs:193)
     (src/Linear/Affine.hs:196)
     (src/Linear/Affine.hs:199)
     (src/Linear/Affine.hs:209)
     (src/Linear/Affine.hs:213)
     (src/Linear/Affine.hs:217)
     (src/Linear/Affine.hs:221)
     (src/Linear/Affine.hs:227)
     (src/Linear/Affine.hs:233)
     (src/Linear/Affine.hs:239)
     (src/Linear/Affine.hs:258)
     (src/Linear/Affine.hs:259)
     (src/Linear/Affine.hs:260)
     (src/Linear/Affine.hs:262)
     (src/Linear/Affine.hs:280)
 100% ( 17 / 17) in 'Linear'
Warning: Linear.Vector: could not find link destinations for:
    GAdditive
Warning: Linear.V: could not find link destinations for:
    D:R:MVectorsV0 MV_VN D:R:VectorV0 V_VN
Warning: Linear.V0: could not find link destinations for:
    unsafeIndex unsafeRangeSize D:R:MVectorsV00 MV_V0 D:R:VectorV00 V_V0
Warning: Linear.V1: could not find link destinations for:
    unsafeIndex unsafeRangeSize D:R:MVectorsV10 MV_V1 D:R:VectorV10 V_V1
Warning: Linear.V2: could not find link destinations for:
    unsafeIndex unsafeRangeSize D:R:MVectorsV20 MV_V2 D:R:VectorV20 V_V2
Warning: Linear.V3: could not find link destinations for:
    unsafeIndex unsafeRangeSize D:R:MVectorsV30 MV_V3 D:R:VectorV30 V_V3
Warning: Linear.V4: could not find link destinations for:
    unsafeIndex unsafeRangeSize D:R:MVectorsV40 MV_V4 D:R:VectorV40 V_V4
Warning: Linear.Plucker: could not find link destinations for:
    unsafeIndex unsafeRangeSize D:R:MVectorsPlucker0 MV_Plucker D:R:VectorPlucker0 V_Plucker
Warning: Linear.Quaternion: could not find link destinations for:
    unsafeIndex unsafeRangeSize D:R:MVectorsQuaternion0 MV_Quaternion D:R:VectorQuaternion0 V_Quaternion
Warning: Linear.Affine: could not find link destinations for:
    unsafeIndex unsafeRangeSize ~
Documentation created:
.stack-work/dist/x86_64-linux/Cabal-1.24.0.0/doc/html/linear/index.html,
.stack-work/dist/x86_64-linux/Cabal-1.24.0.0/doc/html/linear/linear.txt
Installing library in
/home/gaurish/.stack/snapshots/x86_64-linux/lts-7.0/8.0.1/lib/x86_64-linux-ghc-8.0.1/linear-1.20.5-1XFX1PW2Ng12KqMxMQSDU4
Registering linear-1.20.5...
