Configuring monad-control-1.0.1.0...
Building monad-control-1.0.1.0...
Preprocessing library monad-control-1.0.1.0...
[1 of 1] Compiling Control.Monad.Trans.Control ( Control/Monad/Trans/Control.hs, .stack-work/dist/x86_64-linux/Cabal-1.24.0.0/build/Control/Monad/Trans/Control.o )

Control/Monad/Trans/Control.hs:208:10: warning: [-Wredundant-constraints]
    • Redundant constraint: Error e
    • In the instance declaration for ‘MonadTransControl (ErrorT e)’
Running Haddock for monad-control-1.0.1.0...
Preprocessing library monad-control-1.0.1.0...

Control/Monad/Trans/Control.hs:208:10: warning: [-Wredundant-constraints]
    • Redundant constraint: Error e
    • In the instance declaration for ‘MonadTransControl (ErrorT e)’
Haddock coverage:
  93% ( 27 / 29) in 'Control.Monad.Trans.Control'
  Missing documentation for:
    MonadTransControl (Control/Monad/Trans/Control.hs:110)
    MonadBaseControl (Control/Monad/Trans/Control.hs:292)
Documentation created:
.stack-work/dist/x86_64-linux/Cabal-1.24.0.0/doc/html/monad-control/index.html,
.stack-work/dist/x86_64-linux/Cabal-1.24.0.0/doc/html/monad-control/monad-control.txt
Installing library in
/home/gaurish/.stack/snapshots/x86_64-linux/lts-7.0/8.0.1/lib/x86_64-linux-ghc-8.0.1/monad-control-1.0.1.0-HoNEBoNfniX3vjSfkI7WTT
Registering monad-control-1.0.1.0...
