Configuring newtype-0.2...
Building newtype-0.2...
Preprocessing library newtype-0.2...
[1 of 1] Compiling Control.Newtype  ( Control/Newtype.hs, .stack-work/dist/x86_64-linux/Cabal-1.24.0.0/build/Control/Newtype.o )

Control/Newtype.hs:120:10: warning: [-Wredundant-constraints]
    • Redundant constraint: ArrowApply a
    • In the instance declaration for
        ‘Newtype (ArrowMonad a b) (a () b)’
Running Haddock for newtype-0.2...
Preprocessing library newtype-0.2...

Control/Newtype.hs:120:10: warning: [-Wredundant-constraints]
    • Redundant constraint: ArrowApply a
    • In the instance declaration for
        ‘Newtype (ArrowMonad a b) (a () b)’
Haddock coverage:
 100% (  9 /  9) in 'Control.Newtype'
Documentation created:
.stack-work/dist/x86_64-linux/Cabal-1.24.0.0/doc/html/newtype/index.html,
.stack-work/dist/x86_64-linux/Cabal-1.24.0.0/doc/html/newtype/newtype.txt
Installing library in
/home/gaurish/.stack/snapshots/x86_64-linux/lts-7.0/8.0.1/lib/x86_64-linux-ghc-8.0.1/newtype-0.2-6DnlyeREupYF8x0b7VMCgm
Registering newtype-0.2...
