Configuring optparse-applicative-0.12.1.0...
Building optparse-applicative-0.12.1.0...
Preprocessing library optparse-applicative-0.12.1.0...
[ 1 of 15] Compiling Options.Applicative.Help.Pretty ( Options/Applicative/Help/Pretty.hs, .stack-work/dist/x86_64-linux/Cabal-1.24.0.0/build/Options/Applicative/Help/Pretty.o )
[ 2 of 15] Compiling Options.Applicative.Help.Chunk ( Options/Applicative/Help/Chunk.hs, .stack-work/dist/x86_64-linux/Cabal-1.24.0.0/build/Options/Applicative/Help/Chunk.o )

Options/Applicative/Help/Chunk.hs:21:1: warning: [-Wunused-imports]
    The import of ‘Data.Monoid’ is redundant
      except perhaps to import instances from ‘Data.Monoid’
    To import instances alone, use: import Data.Monoid()
[ 3 of 15] Compiling Options.Applicative.Help.Types ( Options/Applicative/Help/Types.hs, .stack-work/dist/x86_64-linux/Cabal-1.24.0.0/build/Options/Applicative/Help/Types.o )

Options/Applicative/Help/Types.hs:6:1: warning: [-Wunused-imports]
    The import of ‘Data.Monoid’ is redundant
      except perhaps to import instances from ‘Data.Monoid’
    To import instances alone, use: import Data.Monoid()
[ 4 of 15] Compiling Options.Applicative.Types ( Options/Applicative/Types.hs, .stack-work/dist/x86_64-linux/Cabal-1.24.0.0/build/Options/Applicative/Types.o )
[ 5 of 15] Compiling Options.Applicative.Internal ( Options/Applicative/Internal.hs, .stack-work/dist/x86_64-linux/Cabal-1.24.0.0/build/Options/Applicative/Internal.o )
[ 6 of 15] Compiling Options.Applicative.Common ( Options/Applicative/Common.hs, .stack-work/dist/x86_64-linux/Cabal-1.24.0.0/build/Options/Applicative/Common.o )
[ 7 of 15] Compiling Options.Applicative.Help.Core ( Options/Applicative/Help/Core.hs, .stack-work/dist/x86_64-linux/Cabal-1.24.0.0/build/Options/Applicative/Help/Core.o )
[ 8 of 15] Compiling Options.Applicative.Help ( Options/Applicative/Help.hs, .stack-work/dist/x86_64-linux/Cabal-1.24.0.0/build/Options/Applicative/Help.o )
[ 9 of 15] Compiling Options.Applicative.Builder.Internal ( Options/Applicative/Builder/Internal.hs, .stack-work/dist/x86_64-linux/Cabal-1.24.0.0/build/Options/Applicative/Builder/Internal.o )

Options/Applicative/Builder/Internal.hs:68:3: warning: [-Wunused-top-binds]
    Defined but not used: ‘hasValueDummy’

Options/Applicative/Builder/Internal.hs:75:3: warning: [-Wunused-top-binds]
    Defined but not used: ‘hasMetavarDummy’
[10 of 15] Compiling Options.Applicative.Builder.Completer ( Options/Applicative/Builder/Completer.hs, .stack-work/dist/x86_64-linux/Cabal-1.24.0.0/build/Options/Applicative/Builder/Completer.o )
[11 of 15] Compiling Options.Applicative.Builder ( Options/Applicative/Builder.hs, .stack-work/dist/x86_64-linux/Cabal-1.24.0.0/build/Options/Applicative/Builder.o )

Options/Applicative/Builder.hs:144:1: warning: [-Wredundant-constraints]
    • Redundant constraint: HasValue f
    • In the type signature for:
           value :: HasValue f => a -> Mod f a

Options/Applicative/Builder.hs:176:1: warning: [-Wredundant-constraints]
    • Redundant constraint: HasMetavar f
    • In the type signature for:
           metavar :: HasMetavar f => String -> Mod f a
[12 of 15] Compiling Options.Applicative.BashCompletion ( Options/Applicative/BashCompletion.hs, .stack-work/dist/x86_64-linux/Cabal-1.24.0.0/build/Options/Applicative/BashCompletion.o )
[13 of 15] Compiling Options.Applicative.Extra ( Options/Applicative/Extra.hs, .stack-work/dist/x86_64-linux/Cabal-1.24.0.0/build/Options/Applicative/Extra.o )
[14 of 15] Compiling Options.Applicative ( Options/Applicative.hs, .stack-work/dist/x86_64-linux/Cabal-1.24.0.0/build/Options/Applicative.o )
[15 of 15] Compiling Options.Applicative.Arrows ( Options/Applicative/Arrows.hs, .stack-work/dist/x86_64-linux/Cabal-1.24.0.0/build/Options/Applicative/Arrows.o )
Running Haddock for optparse-applicative-0.12.1.0...
Preprocessing library optparse-applicative-0.12.1.0...

Options/Applicative/Help/Chunk.hs:21:1: warning: [-Wunused-imports]
    The import of ‘Data.Monoid’ is redundant
      except perhaps to import instances from ‘Data.Monoid’
    To import instances alone, use: import Data.Monoid()

Options/Applicative/Help/Types.hs:6:1: warning: [-Wunused-imports]
    The import of ‘Data.Monoid’ is redundant
      except perhaps to import instances from ‘Data.Monoid’
    To import instances alone, use: import Data.Monoid()

Options/Applicative/Builder/Internal.hs:68:3: warning: [-Wunused-top-binds]
    Defined but not used: ‘hasValueDummy’

Options/Applicative/Builder/Internal.hs:75:3: warning: [-Wunused-top-binds]
    Defined but not used: ‘hasMetavarDummy’

Options/Applicative/Builder.hs:144:1: warning: [-Wredundant-constraints]
    • Redundant constraint: HasValue f
    • In the type signature for:
           value :: HasValue f => a -> Mod f a

Options/Applicative/Builder.hs:176:1: warning: [-Wredundant-constraints]
    • Redundant constraint: HasMetavar f
    • In the type signature for:
           metavar :: HasMetavar f => String -> Mod f a
Haddock coverage:
  33% (  1 /  3) in 'Options.Applicative.Help.Pretty'
  Missing documentation for:
    Module header
    .$. (Options/Applicative/Help/Pretty.hs:9)
  86% ( 12 / 14) in 'Options.Applicative.Help.Chunk'
  Missing documentation for:
    Module header
    mappendWith (Options/Applicative/Help/Chunk.hs:25)
  33% (  1 /  3) in 'Options.Applicative.Help.Types'
  Missing documentation for:
    Module header
    ParserHelp (Options/Applicative/Help/Types.hs:11)
  34% ( 12 / 35) in 'Options.Applicative.Types'
  Missing documentation for:
    Module header
    ParseError (Options/Applicative/Types.hs:55)
    OptName (Options/Applicative/Types.hs:97)
    CReader (Options/Applicative/Types.hs:164)
    ParserM (Options/Applicative/Types.hs:203)
    Completer (Options/Applicative/Types.hs:239)
    mkCompleter (Options/Applicative/Types.hs:242)
    CompletionResult (Options/Applicative/Types.hs:250)
    ParserFailure (Options/Applicative/Types.hs:257)
    overFailure (Options/Applicative/Types.hs:282)
    Args (Options/Applicative/Types.hs:299)
    ArgPolicy (Options/Applicative/Types.hs:301)
    OptHelpInfo (Options/Applicative/Types.hs:306)
    OptTree (Options/Applicative/Types.hs:311)
    ParserHelp (Options/Applicative/Help/Types.hs:11)
    fromM (Options/Applicative/Types.hs:217)
    oneM (Options/Applicative/Types.hs:220)
    manyM (Options/Applicative/Types.hs:223)
    someM (Options/Applicative/Types.hs:230)
    optVisibility (Options/Applicative/Types.hs:317)
    optMetaVar (Options/Applicative/Types.hs:323)
    optHelp (Options/Applicative/Types.hs:320)
    optShowDefault (Options/Applicative/Types.hs:326)
   0% (  0 / 23) in 'Options.Applicative.Internal'
  Missing documentation for:
    Module header
    P (Options/Applicative/Internal.hs:53)
    Context (Options/Applicative/Internal.hs:75)
    MonadP (Options/Applicative/Internal.hs:43)
    ParseError (Options/Applicative/Types.hs:55)
    uncons (Options/Applicative/Internal.hs:102)
    hoistMaybe (Options/Applicative/Internal.hs:93)
    hoistEither (Options/Applicative/Internal.hs:96)
    runReadM (Options/Applicative/Internal.hs:106)
    withReadM (Options/Applicative/Internal.hs:109)
    runP (Options/Applicative/Internal.hs:99)
    Completion (Options/Applicative/Internal.hs:140)
    runCompletion (Options/Applicative/Internal.hs:172)
    SomeParser (Options/Applicative/Internal.hs:115)
    ComplError (Options/Applicative/Internal.hs:117)
    contextNames (Options/Applicative/Internal.hs:78)
    ListT (Options/Applicative/Internal.hs:180)
    takeListT (Options/Applicative/Internal.hs:194)
    runListT (Options/Applicative/Internal.hs:198)
    NondetT (Options/Applicative/Internal.hs:239)
    cut (Options/Applicative/Internal.hs:270)
    <!> (Options/Applicative/Internal.hs:264)
    disamb (Options/Applicative/Internal.hs:273)
  75% ( 15 / 20) in 'Options.Applicative.Common'
  Missing documentation for:
    Module header
    showOption (Options/Applicative/Common.hs:70)
    runParserInfo (Options/Applicative/Common.hs:239)
    runParserFully (Options/Applicative/Common.hs:242)
    optionNames (Options/Applicative/Common.hs:74)
  38% (  5 / 13) in 'Options.Applicative.Help.Core'
  Missing documentation for:
    Module header
    fold_tree (Options/Applicative/Help/Core.hs:46)
    ParserHelp (Options/Applicative/Help/Types.hs:11)
    errorHelp (Options/Applicative/Help/Core.hs:77)
    headerHelp (Options/Applicative/Help/Core.hs:80)
    usageHelp (Options/Applicative/Help/Core.hs:83)
    bodyHelp (Options/Applicative/Help/Core.hs:86)
    footerHelp (Options/Applicative/Help/Core.hs:89)
Warning: Options.Applicative.Help: Could not find documentation for exported module: X
   0% (  0 /  1) in 'Options.Applicative.Help'
  Missing documentation for:
    Module header
  20% (  4 / 20) in 'Options.Applicative.Builder.Internal'
  Missing documentation for:
    Module header
    HasName (Options/Applicative/Builder/Internal.hs:48)
    HasCompleter (Options/Applicative/Builder/Internal.hs:57)
    HasValue (Options/Applicative/Builder/Internal.hs:66)
    HasMetavar (Options/Applicative/Builder/Internal.hs:74)
    OptionFields (Options/Applicative/Builder/Internal.hs:33)
    FlagFields (Options/Applicative/Builder/Internal.hs:38)
    CommandFields (Options/Applicative/Builder/Internal.hs:42)
    ArgumentFields (Options/Applicative/Builder/Internal.hs:45)
    DefaultProp (Options/Applicative/Builder/Internal.hs:85)
    optionMod (Options/Applicative/Builder/Internal.hs:123)
    fieldMod (Options/Applicative/Builder/Internal.hs:126)
    mkCommand (Options/Applicative/Builder/Internal.hs:142)
    mkParser (Options/Applicative/Builder/Internal.hs:148)
    mkOption (Options/Applicative/Builder/Internal.hs:156)
    mkProps (Options/Applicative/Builder/Internal.hs:162)
   0% (  0 /  6) in 'Options.Applicative.Builder.Completer'
  Missing documentation for:
    Module header
    Completer (Options/Applicative/Types.hs:239)
    mkCompleter (Options/Applicative/Types.hs:242)
    listIOCompleter (Options/Applicative/Builder/Completer.hs:16)
    listCompleter (Options/Applicative/Builder/Completer.hs:20)
    bashCompleter (Options/Applicative/Builder/Completer.hs:23)
  82% ( 58 / 71) in 'Options.Applicative.Builder'
  Missing documentation for:
    Module header
    ParseError (Options/Applicative/Types.hs:55)
    PrefsMod (Options/Applicative/Builder.hs:360)
    multiSuffix (Options/Applicative/Builder.hs:367)
    disambiguate (Options/Applicative/Builder.hs:370)
    showHelpOnError (Options/Applicative/Builder.hs:373)
    noBacktrack (Options/Applicative/Builder.hs:376)
    columns (Options/Applicative/Builder.hs:379)
    prefs (Options/Applicative/Builder.hs:382)
    OptionFields (Options/Applicative/Builder/Internal.hs:33)
    FlagFields (Options/Applicative/Builder/Internal.hs:38)
    ArgumentFields (Options/Applicative/Builder/Internal.hs:45)
    CommandFields (Options/Applicative/Builder/Internal.hs:42)
  50% (  1 /  2) in 'Options.Applicative.BashCompletion'
  Missing documentation for:
    bashCompletionParser (Options/Applicative/BashCompletion.hs:20)
  74% ( 14 / 19) in 'Options.Applicative.Extra'
  Missing documentation for:
    Module header
    renderFailure (Options/Applicative/Extra.hs:189)
    ParserFailure (Options/Applicative/Types.hs:257)
    overFailure (Options/Applicative/Types.hs:282)
    CompletionResult (Options/Applicative/Types.hs:250)
  93% ( 13 / 14) in 'Options.Applicative'
  Missing documentation for:
    Module header
 100% (  6 /  6) in 'Options.Applicative.Arrows'
Warning: Options.Applicative.Builder.Internal: could not find link destinations for:
    hasValueDummy hasMetavarDummy
Warning: Options.Applicative.Builder: could not find link destinations for:
    hasMetavarDummy hasValueDummy
Documentation created:
.stack-work/dist/x86_64-linux/Cabal-1.24.0.0/doc/html/optparse-applicative/index.html,
.stack-work/dist/x86_64-linux/Cabal-1.24.0.0/doc/html/optparse-applicative/optparse-applicative.txt
Installing library in
/home/gaurish/.stack/snapshots/x86_64-linux/lts-7.0/8.0.1/lib/x86_64-linux-ghc-8.0.1/optparse-applicative-0.12.1.0-LOTKI1ZYRJkF3RPPjfyooJ
Registering optparse-applicative-0.12.1.0...
