Configuring pqueue-1.3.1.1...
Building pqueue-1.3.1.1...
Preprocessing library pqueue-1.3.1.1...
[1 of 8] Compiling Control.Applicative.Identity ( Control/Applicative/Identity.hs, .stack-work/dist/x86_64-linux/Cabal-1.24.0.0/build/Control/Applicative/Identity.o )
[2 of 8] Compiling Data.PQueue.Prio.Internals ( Data/PQueue/Prio/Internals.hs, .stack-work/dist/x86_64-linux/Cabal-1.24.0.0/build/Data/PQueue/Prio/Internals.o )
[3 of 8] Compiling Data.PQueue.Prio.Max.Internals ( Data/PQueue/Prio/Max/Internals.hs, .stack-work/dist/x86_64-linux/Cabal-1.24.0.0/build/Data/PQueue/Prio/Max/Internals.o )
[4 of 8] Compiling Data.PQueue.Internals ( Data/PQueue/Internals.hs, .stack-work/dist/x86_64-linux/Cabal-1.24.0.0/build/Data/PQueue/Internals.o )
[5 of 8] Compiling Data.PQueue.Min  ( Data/PQueue/Min.hs, .stack-work/dist/x86_64-linux/Cabal-1.24.0.0/build/Data/PQueue/Min.o )
[6 of 8] Compiling Data.PQueue.Max  ( Data/PQueue/Max.hs, .stack-work/dist/x86_64-linux/Cabal-1.24.0.0/build/Data/PQueue/Max.o )
[7 of 8] Compiling Data.PQueue.Prio.Min ( Data/PQueue/Prio/Min.hs, .stack-work/dist/x86_64-linux/Cabal-1.24.0.0/build/Data/PQueue/Prio/Min.o )
[8 of 8] Compiling Data.PQueue.Prio.Max ( Data/PQueue/Prio/Max.hs, .stack-work/dist/x86_64-linux/Cabal-1.24.0.0/build/Data/PQueue/Prio/Max.o )
Running Haddock for pqueue-1.3.1.1...
Preprocessing library pqueue-1.3.1.1...
Haddock coverage:
   0% (  0 /  4) in 'Control.Applicative.Identity'
  Missing documentation for:
    Module header
    Identity (Control/Applicative/Identity.hs:5)
     (Control/Applicative/Identity.hs:7)
     (Control/Applicative/Identity.hs:10)
  73% ( 22 / 30) in 'Data.PQueue.Prio.Internals'
  Missing documentation for:
    Module header
    BinomForest (Data/PQueue/Prio/Internals.hs:75)
    BinomHeap (Data/PQueue/Prio/Internals.hs:79)
    BinomTree (Data/PQueue/Prio/Internals.hs:81)
    Zero (Data/PQueue/Prio/Internals.hs:82)
    Succ (Data/PQueue/Prio/Internals.hs:83)
    LEq (Data/PQueue/Prio/Internals.hs:85)
    traverseWithKeyU (Data/PQueue/Prio/Internals.hs:389)
  11% (  1 /  9) in 'Data.PQueue.Prio.Max.Internals'
  Missing documentation for:
    Module header
    Down (Data/PQueue/Prio/Max/Internals.hs:18)
     (Data/PQueue/Prio/Max/Internals.hs:34)
     (Data/PQueue/Prio/Max/Internals.hs:37)
     (Data/PQueue/Prio/Max/Internals.hs:40)
     (Data/PQueue/Prio/Max/Internals.hs:44)
     (Data/PQueue/Prio/Max/Internals.hs:47)
     (Data/PQueue/Prio/Max/Internals.hs:51)
  81% ( 21 / 26) in 'Data.PQueue.Internals'
  Missing documentation for:
    Module header
    BinomHeap (Data/PQueue/Internals.hs:83)
    BinomForest (Data/PQueue/Internals.hs:142)
    BinomTree (Data/PQueue/Internals.hs:145)
    insertMinQ (Data/PQueue/Internals.hs:340)
 100% ( 55 / 55) in 'Data.PQueue.Min'
 100% ( 56 / 56) in 'Data.PQueue.Max'
  99% ( 80 / 81) in 'Data.PQueue.Prio.Min'
  Missing documentation for:
    traverseWithKeyU (Data/PQueue/Prio/Internals.hs:389)
 100% ( 81 / 81) in 'Data.PQueue.Prio.Max'
Documentation created:
.stack-work/dist/x86_64-linux/Cabal-1.24.0.0/doc/html/pqueue/index.html,
.stack-work/dist/x86_64-linux/Cabal-1.24.0.0/doc/html/pqueue/pqueue.txt
Installing library in
/home/gaurish/Dropbox/MyWiki/research_projects/PackageHandoff/codeHaskell-pho/.stack-work/install/x86_64-linux/lts-7.0/8.0.1/lib/x86_64-linux-ghc-8.0.1/pqueue-1.3.1.1-A3EjwMk8dUf7l1Swzqrred
Registering pqueue-1.3.1.1...
