Configuring reactive-banana-1.1.0.1...
Building reactive-banana-1.1.0.1...
Preprocessing library reactive-banana-1.1.0.1...
[ 1 of 22] Compiling Reactive.Banana.Prim.Util ( src/Reactive/Banana/Prim/Util.hs, .stack-work/dist/x86_64-linux/Cabal-1.24.0.0/build/Reactive/Banana/Prim/Util.o )
[ 2 of 22] Compiling Reactive.Banana.Prim.Graph ( src/Reactive/Banana/Prim/Graph.hs, .stack-work/dist/x86_64-linux/Cabal-1.24.0.0/build/Reactive/Banana/Prim/Graph.o )
[ 3 of 22] Compiling Reactive.Banana.Prim.OrderedBag ( src/Reactive/Banana/Prim/OrderedBag.hs, .stack-work/dist/x86_64-linux/Cabal-1.24.0.0/build/Reactive/Banana/Prim/OrderedBag.o )
[ 4 of 22] Compiling Control.Monad.Trans.RWSIO ( src/Control/Monad/Trans/RWSIO.hs, .stack-work/dist/x86_64-linux/Cabal-1.24.0.0/build/Control/Monad/Trans/RWSIO.o )
[ 5 of 22] Compiling Control.Monad.Trans.ReaderWriterIO ( src/Control/Monad/Trans/ReaderWriterIO.hs, .stack-work/dist/x86_64-linux/Cabal-1.24.0.0/build/Control/Monad/Trans/ReaderWriterIO.o )
[ 6 of 22] Compiling Reactive.Banana.Prim.Types ( src/Reactive/Banana/Prim/Types.hs, .stack-work/dist/x86_64-linux/Cabal-1.24.0.0/build/Reactive/Banana/Prim/Types.o )
[ 7 of 22] Compiling Reactive.Banana.Prim.Dependencies ( src/Reactive/Banana/Prim/Dependencies.hs, .stack-work/dist/x86_64-linux/Cabal-1.24.0.0/build/Reactive/Banana/Prim/Dependencies.o )
[ 8 of 22] Compiling Reactive.Banana.Prim.Plumbing ( src/Reactive/Banana/Prim/Plumbing.hs, .stack-work/dist/x86_64-linux/Cabal-1.24.0.0/build/Reactive/Banana/Prim/Plumbing.o )
[ 9 of 22] Compiling Reactive.Banana.Prim.Evaluation ( src/Reactive/Banana/Prim/Evaluation.hs, .stack-work/dist/x86_64-linux/Cabal-1.24.0.0/build/Reactive/Banana/Prim/Evaluation.o )
[10 of 22] Compiling Reactive.Banana.Prim.Combinators ( src/Reactive/Banana/Prim/Combinators.hs, .stack-work/dist/x86_64-linux/Cabal-1.24.0.0/build/Reactive/Banana/Prim/Combinators.o )
[11 of 22] Compiling Reactive.Banana.Prim.IO ( src/Reactive/Banana/Prim/IO.hs, .stack-work/dist/x86_64-linux/Cabal-1.24.0.0/build/Reactive/Banana/Prim/IO.o )
[12 of 22] Compiling Reactive.Banana.Prim.Compile ( src/Reactive/Banana/Prim/Compile.hs, .stack-work/dist/x86_64-linux/Cabal-1.24.0.0/build/Reactive/Banana/Prim/Compile.o )
[13 of 22] Compiling Reactive.Banana.Prim.Cached ( src/Reactive/Banana/Prim/Cached.hs, .stack-work/dist/x86_64-linux/Cabal-1.24.0.0/build/Reactive/Banana/Prim/Cached.o )
[14 of 22] Compiling Reactive.Banana.Prim ( src/Reactive/Banana/Prim.hs, .stack-work/dist/x86_64-linux/Cabal-1.24.0.0/build/Reactive/Banana/Prim.o )
[15 of 22] Compiling Reactive.Banana.Prim.Test ( src/Reactive/Banana/Prim/Test.hs, .stack-work/dist/x86_64-linux/Cabal-1.24.0.0/build/Reactive/Banana/Prim/Test.o )
[16 of 22] Compiling Reactive.Banana.Model ( src/Reactive/Banana/Model.hs, .stack-work/dist/x86_64-linux/Cabal-1.24.0.0/build/Reactive/Banana/Model.o )
[17 of 22] Compiling Control.Event.Handler ( src/Control/Event/Handler.hs, .stack-work/dist/x86_64-linux/Cabal-1.24.0.0/build/Control/Event/Handler.o )
[18 of 22] Compiling Reactive.Banana.Internal.Combinators ( src/Reactive/Banana/Internal/Combinators.hs, .stack-work/dist/x86_64-linux/Cabal-1.24.0.0/build/Reactive/Banana/Internal/Combinators.o )
[19 of 22] Compiling Reactive.Banana.Types ( src/Reactive/Banana/Types.hs, .stack-work/dist/x86_64-linux/Cabal-1.24.0.0/build/Reactive/Banana/Types.o )
[20 of 22] Compiling Reactive.Banana.Combinators ( src/Reactive/Banana/Combinators.hs, .stack-work/dist/x86_64-linux/Cabal-1.24.0.0/build/Reactive/Banana/Combinators.o )
[21 of 22] Compiling Reactive.Banana.Frameworks ( src/Reactive/Banana/Frameworks.hs, .stack-work/dist/x86_64-linux/Cabal-1.24.0.0/build/Reactive/Banana/Frameworks.o )
[22 of 22] Compiling Reactive.Banana  ( src/Reactive/Banana.hs, .stack-work/dist/x86_64-linux/Cabal-1.24.0.0/build/Reactive/Banana.o )
Running Haddock for reactive-banana-1.1.0.1...
Preprocessing library reactive-banana-1.1.0.1...
Haddock coverage:
  14% (  2 / 14) in 'Reactive.Banana.Prim.Util'
  Missing documentation for:
    Module header
    debug (src/Reactive/Banana/Prim/Util.hs:20)
    nop (src/Reactive/Banana/Prim/Util.hs:24)
    Ref (src/Reactive/Banana/Prim/Util.hs:30)
     (src/Reactive/Banana/Prim/Util.hs:32)
    equalRef (src/Reactive/Banana/Prim/Util.hs:34)
    newRef (src/Reactive/Banana/Prim/Util.hs:37)
    readRef (src/Reactive/Banana/Prim/Util.hs:40)
    put (src/Reactive/Banana/Prim/Util.hs:43)
    mkWeakIORefValueFinalizer (src/Reactive/Banana/Prim/Util.hs:53)
    mkWeakIORefValue (src/Reactive/Banana/Prim/Util.hs:62)
    mkWeakRefValue (src/Reactive/Banana/Prim/Util.hs:65)
  80% (  8 / 10) in 'Reactive.Banana.Prim.Graph'
  Missing documentation for:
    Module header
    Graph (src/Reactive/Banana/Prim/Graph.hs:18)
  43% (  3 /  7) in 'Reactive.Banana.Prim.OrderedBag'
  Missing documentation for:
    Module header
    Position (src/Reactive/Banana/Prim/OrderedBag.hs:19)
    OrderedBag (src/Reactive/Banana/Prim/OrderedBag.hs:21)
    empty (src/Reactive/Banana/Prim/OrderedBag.hs:23)
  25% (  3 / 12) in 'Control.Monad.Trans.RWSIO'
  Missing documentation for:
    Module header
    RWSIOT (src/Control/Monad/Trans/RWSIO.hs:23)
    Tuple (src/Control/Monad/Trans/RWSIO.hs:21)
    rwsT (src/Control/Monad/Trans/RWSIO.hs:51)
    runRWSIOT (src/Control/Monad/Trans/RWSIO.hs:60)
    tell (src/Control/Monad/Trans/RWSIO.hs:69)
    ask (src/Control/Monad/Trans/RWSIO.hs:72)
    get (src/Control/Monad/Trans/RWSIO.hs:75)
    put (src/Control/Monad/Trans/RWSIO.hs:78)
  27% (  3 / 11) in 'Control.Monad.Trans.ReaderWriterIO'
  Missing documentation for:
    Module header
    ReaderWriterIOT (src/Control/Monad/Trans/ReaderWriterIO.hs:22)
    readerWriterIOT (src/Control/Monad/Trans/ReaderWriterIO.hs:61)
    runReaderWriterIOT (src/Control/Monad/Trans/ReaderWriterIO.hs:69)
    tell (src/Control/Monad/Trans/ReaderWriterIO.hs:76)
    listen (src/Control/Monad/Trans/ReaderWriterIO.hs:79)
    ask (src/Control/Monad/Trans/ReaderWriterIO.hs:88)
    local (src/Control/Monad/Trans/ReaderWriterIO.hs:85)
  14% (  7 / 51) in 'Reactive.Banana.Prim.Types'
  Missing documentation for:
    Module header
    Inputs (src/Reactive/Banana/Prim/Types.hs:32)
    EvalNetwork (src/Reactive/Banana/Prim/Types.hs:33)
    Step (src/Reactive/Banana/Prim/Types.hs:34)
    emptyNetwork (src/Reactive/Banana/Prim/Types.hs:36)
    Build (src/Reactive/Banana/Prim/Types.hs:42)
    BuildR (src/Reactive/Banana/Prim/Types.hs:43)
    BuildW (src/Reactive/Banana/Prim/Types.hs:46)
     (src/Reactive/Banana/Prim/Types.hs:54)
    BuildIO (src/Reactive/Banana/Prim/Types.hs:58)
    DependencyBuilder (src/Reactive/Banana/Prim/Types.hs:60)
    ground (src/Reactive/Banana/Prim/Types.hs:68)
     (src/Reactive/Banana/Prim/Types.hs:73)
    set (src/Reactive/Banana/Prim/Types.hs:79)
    update (src/Reactive/Banana/Prim/Types.hs:80)
    Pulse (src/Reactive/Banana/Prim/Types.hs:85)
    Pulse' (src/Reactive/Banana/Prim/Types.hs:86)
     (src/Reactive/Banana/Prim/Types.hs:96)
    Latch (src/Reactive/Banana/Prim/Types.hs:99)
    Latch' (src/Reactive/Banana/Prim/Types.hs:100)
    LatchWrite (src/Reactive/Banana/Prim/Types.hs:105)
    LatchWrite' (src/Reactive/Banana/Prim/Types.hs:106)
    Output (src/Reactive/Banana/Prim/Types.hs:111)
    Output' (src/Reactive/Banana/Prim/Types.hs:112)
     (src/Reactive/Banana/Prim/Types.hs:115)
    SomeNode (src/Reactive/Banana/Prim/Types.hs:117)
     (src/Reactive/Banana/Prim/Types.hs:122)
     (src/Reactive/Banana/Prim/Types.hs:127)
    mkWeakNodeValue (src/Reactive/Banana/Prim/Types.hs:133)
    seenP (src/Reactive/Banana/Prim/Types.hs:139)
    seenL (src/Reactive/Banana/Prim/Types.hs:140)
    valueL (src/Reactive/Banana/Prim/Types.hs:141)
    parentsP (src/Reactive/Banana/Prim/Types.hs:142)
    childrenP (src/Reactive/Banana/Prim/Types.hs:143)
    levelP (src/Reactive/Banana/Prim/Types.hs:144)
    EvalLW (src/Reactive/Banana/Prim/Types.hs:148)
    EvalO (src/Reactive/Banana/Prim/Types.hs:150)
    Future (src/Reactive/Banana/Prim/Types.hs:151)
    EvalP (src/Reactive/Banana/Prim/Types.hs:155)
    EvalL (src/Reactive/Banana/Prim/Types.hs:160)
    printNode (src/Reactive/Banana/Prim/Types.hs:165)
    beginning (src/Reactive/Banana/Prim/Types.hs:182)
    next (src/Reactive/Banana/Prim/Types.hs:185)
     (src/Reactive/Banana/Prim/Types.hs:188)
  80% (  4 /  5) in 'Reactive.Banana.Prim.Dependencies'
  Missing documentation for:
    Module header
  25% (  8 / 32) in 'Reactive.Banana.Prim.Plumbing'
  Missing documentation for:
    Module header
    runBuildIO (src/Reactive/Banana/Prim/Plumbing.hs:133)
    buildLater (src/Reactive/Banana/Prim/Plumbing.hs:149)
    liftBuild (src/Reactive/Banana/Prim/Plumbing.hs:165)
    getTimeB (src/Reactive/Banana/Prim/Plumbing.hs:168)
    alwaysP (src/Reactive/Banana/Prim/Plumbing.hs:171)
    readLatchB (src/Reactive/Banana/Prim/Plumbing.hs:174)
    dependOn (src/Reactive/Banana/Prim/Plumbing.hs:177)
    keepAlive (src/Reactive/Banana/Prim/Plumbing.hs:180)
    addChild (src/Reactive/Banana/Prim/Plumbing.hs:183)
    changeParent (src/Reactive/Banana/Prim/Plumbing.hs:187)
    liftIOLater (src/Reactive/Banana/Prim/Plumbing.hs:191)
    getValueL (src/Reactive/Banana/Prim/Plumbing.hs:204)
    runEvalP (src/Reactive/Banana/Prim/Plumbing.hs:212)
    liftBuildP (src/Reactive/Banana/Prim/Plumbing.hs:217)
    askTime (src/Reactive/Banana/Prim/Plumbing.hs:222)
    readPulseP (src/Reactive/Banana/Prim/Plumbing.hs:225)
    writePulseP (src/Reactive/Banana/Prim/Plumbing.hs:230)
    readLatchP (src/Reactive/Banana/Prim/Plumbing.hs:235)
    readLatchFutureP (src/Reactive/Banana/Prim/Plumbing.hs:238)
    rememberLatchUpdate (src/Reactive/Banana/Prim/Plumbing.hs:241)
    rememberOutput (src/Reactive/Banana/Prim/Plumbing.hs:244)
    unwrapEvalP (src/Reactive/Banana/Prim/Plumbing.hs:248)
    wrapEvalP (src/Reactive/Banana/Prim/Plumbing.hs:249)
  50% (  1 /  2) in 'Reactive.Banana.Prim.Evaluation'
  Missing documentation for:
    Module header
   6% (  1 / 16) in 'Reactive.Banana.Prim.Combinators'
  Missing documentation for:
    Module header
    debug (src/Reactive/Banana/Prim/Combinators.hs:22)
    mapP (src/Reactive/Banana/Prim/Combinators.hs:27)
    filterJustP (src/Reactive/Banana/Prim/Combinators.hs:44)
    unsafeMapIOP (src/Reactive/Banana/Prim/Combinators.hs:50)
    unionWithP (src/Reactive/Banana/Prim/Combinators.hs:60)
    applyP (src/Reactive/Banana/Prim/Combinators.hs:74)
    pureL (src/Reactive/Banana/Prim/Combinators.hs:81)
    mapL (src/Reactive/Banana/Prim/Combinators.hs:85)
    applyL (src/Reactive/Banana/Prim/Combinators.hs:88)
    accumL (src/Reactive/Banana/Prim/Combinators.hs:92)
    stepperL (src/Reactive/Banana/Prim/Combinators.hs:100)
    switchL (src/Reactive/Banana/Prim/Combinators.hs:109)
    executeP (src/Reactive/Banana/Prim/Combinators.hs:114)
    switchP (src/Reactive/Banana/Prim/Combinators.hs:123)
  60% (  3 /  5) in 'Reactive.Banana.Prim.IO'
  Missing documentation for:
    Module header
    debug (src/Reactive/Banana/Prim/IO.hs:18)
  83% (  5 /  6) in 'Reactive.Banana.Prim.Compile'
  Missing documentation for:
    Module header
  44% (  4 /  9) in 'Reactive.Banana.Prim.Cached'
  Missing documentation for:
    Module header
    Cached (src/Reactive/Banana/Prim/Cached.hs:23)
    runCached (src/Reactive/Banana/Prim/Cached.hs:25)
    liftCached1 (src/Reactive/Banana/Prim/Cached.hs:54)
    liftCached2 (src/Reactive/Banana/Prim/Cached.hs:60)
  52% ( 26 / 50) in 'Reactive.Banana.Prim'
  Missing documentation for:
    Module header
    Step (src/Reactive/Banana/Prim/Types.hs:34)
    emptyNetwork (src/Reactive/Banana/Prim/Types.hs:36)
    Build (src/Reactive/Banana/Prim/Types.hs:42)
    liftIOLater (src/Reactive/Banana/Prim/Plumbing.hs:191)
    BuildIO (src/Reactive/Banana/Prim/Types.hs:58)
    liftBuild (src/Reactive/Banana/Prim/Plumbing.hs:165)
    buildLater (src/Reactive/Banana/Prim/Plumbing.hs:149)
    Pulse (src/Reactive/Banana/Prim/Types.hs:85)
    alwaysP (src/Reactive/Banana/Prim/Plumbing.hs:171)
    mapP (src/Reactive/Banana/Prim/Combinators.hs:27)
    Future (src/Reactive/Banana/Prim/Types.hs:151)
    unsafeMapIOP (src/Reactive/Banana/Prim/Combinators.hs:50)
    filterJustP (src/Reactive/Banana/Prim/Combinators.hs:44)
    unionWithP (src/Reactive/Banana/Prim/Combinators.hs:60)
    Latch (src/Reactive/Banana/Prim/Types.hs:99)
    pureL (src/Reactive/Banana/Prim/Combinators.hs:81)
    mapL (src/Reactive/Banana/Prim/Combinators.hs:85)
    applyL (src/Reactive/Banana/Prim/Combinators.hs:88)
    accumL (src/Reactive/Banana/Prim/Combinators.hs:92)
    applyP (src/Reactive/Banana/Prim/Combinators.hs:74)
    switchL (src/Reactive/Banana/Prim/Combinators.hs:109)
    executeP (src/Reactive/Banana/Prim/Combinators.hs:114)
    switchP (src/Reactive/Banana/Prim/Combinators.hs:123)
   0% (  0 /  6) in 'Reactive.Banana.Prim.Test'
  Missing documentation for:
    Module header
    main (src/Reactive/Banana/Prim/Test.hs:10)
    test_accumL1 (src/Reactive/Banana/Prim/Test.hs:15)
    test_recursion1 (src/Reactive/Banana/Prim/Test.hs:23)
    test_space1 (src/Reactive/Banana/Prim/Test.hs:36)
    test_space2 (src/Reactive/Banana/Prim/Test.hs:37)
  52% ( 14 / 27) in 'Reactive.Banana.Model'
  Missing documentation for:
    Module header
    interpret (src/Reactive/Banana/Model.hs:77)
    never (src/Reactive/Banana/Model.hs:94)
    unionWith (src/Reactive/Banana/Model.hs:97)
    filterJust (src/Reactive/Banana/Model.hs:105)
    apply (src/Reactive/Banana/Model.hs:108)
    Moment (src/Reactive/Banana/Model.hs:114)
    accumE (src/Reactive/Banana/Model.hs:141)
    stepper (src/Reactive/Banana/Model.hs:131)
    valueB (src/Reactive/Banana/Model.hs:150)
    observeE (src/Reactive/Banana/Model.hs:153)
    switchE (src/Reactive/Banana/Model.hs:156)
    switchB (src/Reactive/Banana/Model.hs:166)
  89% (  8 /  9) in 'Control.Event.Handler'
  Missing documentation for:
    Module header
   5% (  2 / 40) in 'Reactive.Banana.Internal.Combinators'
  Missing documentation for:
    Module header
    Build (src/Reactive/Banana/Internal/Combinators.hs:20)
    Latch (src/Reactive/Banana/Internal/Combinators.hs:21)
    Pulse (src/Reactive/Banana/Internal/Combinators.hs:22)
    Future (src/Reactive/Banana/Internal/Combinators.hs:23)
    Behavior (src/Reactive/Banana/Internal/Combinators.hs:28)
    Event (src/Reactive/Banana/Internal/Combinators.hs:29)
    Moment (src/Reactive/Banana/Internal/Combinators.hs:30)
    liftBuild (src/Reactive/Banana/Internal/Combinators.hs:32)
    interpret (src/Reactive/Banana/Internal/Combinators.hs:38)
    fromAddHandler (src/Reactive/Banana/Internal/Combinators.hs:80)
    addReactimate (src/Reactive/Banana/Internal/Combinators.hs:87)
    fromPoll (src/Reactive/Banana/Internal/Combinators.hs:95)
    liftIONow (src/Reactive/Banana/Internal/Combinators.hs:103)
    liftIOLater (src/Reactive/Banana/Internal/Combinators.hs:106)
    imposeChanges (src/Reactive/Banana/Internal/Combinators.hs:109)
    never (src/Reactive/Banana/Internal/Combinators.hs:115)
    unionWith (src/Reactive/Banana/Internal/Combinators.hs:116)
    filterJust (src/Reactive/Banana/Internal/Combinators.hs:117)
    mapE (src/Reactive/Banana/Internal/Combinators.hs:118)
    applyE (src/Reactive/Banana/Internal/Combinators.hs:119)
    changesB (src/Reactive/Banana/Internal/Combinators.hs:121)
    pureB (src/Reactive/Banana/Internal/Combinators.hs:123)
    applyB (src/Reactive/Banana/Internal/Combinators.hs:126)
    mapB (src/Reactive/Banana/Internal/Combinators.hs:130)
    trim (src/Reactive/Banana/Internal/Combinators.hs:137)
    cacheAndSchedule (src/Reactive/Banana/Internal/Combinators.hs:144)
    stepperB (src/Reactive/Banana/Internal/Combinators.hs:150)
    accumE (src/Reactive/Banana/Internal/Combinators.hs:158)
    liftBuildFun (src/Reactive/Banana/Internal/Combinators.hs:167)
    valueB (src/Reactive/Banana/Internal/Combinators.hs:172)
    initialBLater (src/Reactive/Banana/Internal/Combinators.hs:177)
    executeP (src/Reactive/Banana/Internal/Combinators.hs:180)
    observeE (src/Reactive/Banana/Internal/Combinators.hs:187)
    executeE (src/Reactive/Banana/Internal/Combinators.hs:190)
    switchE (src/Reactive/Banana/Internal/Combinators.hs:196)
    switchB (src/Reactive/Banana/Internal/Combinators.hs:204)
    merge (src/Reactive/Banana/Internal/Combinators.hs:220)
  88% (  7 /  8) in 'Reactive.Banana.Types'
  Missing documentation for:
    Module header
  98% ( 42 / 43) in 'Reactive.Banana.Combinators'
  Missing documentation for:
    Module header
  97% ( 34 / 35) in 'Reactive.Banana.Frameworks'
  Missing documentation for:
    Module header
  88% (  7 /  8) in 'Reactive.Banana'
  Missing documentation for:
    Module header
Warning: Reactive.Banana.Prim: could not find link destinations for:
    EvalNetwork ReaderWriterIOT BuildR BuildW Ref Pulse' Latch'
Documentation created:
.stack-work/dist/x86_64-linux/Cabal-1.24.0.0/doc/html/reactive-banana/index.html,
.stack-work/dist/x86_64-linux/Cabal-1.24.0.0/doc/html/reactive-banana/reactive-banana.txt
Installing library in
/home/gaurish/Dropbox/MyWiki/research_projects/PackageHandoff/codeHaskell-pho/.stack-work/install/x86_64-linux/lts-7.0/8.0.1/lib/x86_64-linux-ghc-8.0.1/reactive-banana-1.1.0.1-vOHksb28tE7fzc2wY1rE9
Registering reactive-banana-1.1.0.1...
