Configuring regex-compat-0.95.1...
Building regex-compat-0.95.1...
Preprocessing library regex-compat-0.95.1...
[1 of 1] Compiling Text.Regex       ( Text/Regex.hs, .stack-work/dist/x86_64-linux/Cabal-1.24.0.0/build/Text/Regex.o )

Text/Regex.hs:50:1: warning: [-Wtabs]
    Tab character found here, and in 24 further locations.
    Please use spaces instead.
Running Haddock for regex-compat-0.95.1...
Preprocessing library regex-compat-0.95.1...

Text/Regex.hs:63:12: warning: [-Wtabs]
    Tab character found here, and in six further locations.
    Please use spaces instead.
Haddock coverage:
 100% (  9 /  9) in 'Text.Regex'
Documentation created:
.stack-work/dist/x86_64-linux/Cabal-1.24.0.0/doc/html/regex-compat/index.html,
.stack-work/dist/x86_64-linux/Cabal-1.24.0.0/doc/html/regex-compat/regex-compat.txt
Installing library in
/home/gaurish/.stack/snapshots/x86_64-linux/lts-7.0/8.0.1/lib/x86_64-linux-ghc-8.0.1/regex-compat-0.95.1-JPDhOGKcrkD8S1t3VsLLUt
Registering regex-compat-0.95.1...
