Configuring regex-base-0.93.2...
Building regex-base-0.93.2...
Preprocessing library regex-base-0.93.2...
[1 of 4] Compiling Text.Regex.Base.RegexLike ( Text/Regex/Base/RegexLike.hs, .stack-work/dist/x86_64-linux/Cabal-1.24.0.0/build/Text/Regex/Base/RegexLike.o )
[2 of 4] Compiling Text.Regex.Base.Context ( Text/Regex/Base/Context.hs, .stack-work/dist/x86_64-linux/Cabal-1.24.0.0/build/Text/Regex/Base/Context.o )
[3 of 4] Compiling Text.Regex.Base  ( Text/Regex/Base.hs, .stack-work/dist/x86_64-linux/Cabal-1.24.0.0/build/Text/Regex/Base.o )

Text/Regex/Base.hs:55:13: warning: [-Wdeprecations]
    In the use of ‘versionTags’ (imported from Data.Version):
    Deprecated: "See GHC ticket #2496"
[4 of 4] Compiling Text.Regex.Base.Impl ( Text/Regex/Base/Impl.hs, .stack-work/dist/x86_64-linux/Cabal-1.24.0.0/build/Text/Regex/Base/Impl.o )
Running Haddock for regex-base-0.93.2...
Preprocessing library regex-base-0.93.2...

Text/Regex/Base.hs:55:13: warning: [-Wdeprecations]
    In the use of ‘versionTags’ (imported from Data.Version):
    Deprecated: "See GHC ticket #2496"
Haddock coverage:
  94% ( 17 / 18) in 'Text.Regex.Base.RegexLike'
  Missing documentation for:
    MatchText (Text/Regex/Base/RegexLike.hs:55)
 100% (  1 /  1) in 'Text.Regex.Base.Context'
  75% (  3 /  4) in 'Text.Regex.Base'
  Missing documentation for:
    getVersion_Text_Regex_Base (Text/Regex/Base.hs:52)
  33% (  1 /  3) in 'Text.Regex.Base.Impl'
  Missing documentation for:
    polymatch (Text/Regex/Base/Impl.hs:50)
    polymatchM (Text/Regex/Base/Impl.hs:56)
Documentation created:
.stack-work/dist/x86_64-linux/Cabal-1.24.0.0/doc/html/regex-base/index.html,
.stack-work/dist/x86_64-linux/Cabal-1.24.0.0/doc/html/regex-base/regex-base.txt
Installing library in
/home/gaurish/.stack/snapshots/x86_64-linux/lts-7.0/8.0.1/lib/x86_64-linux-ghc-8.0.1/regex-base-0.93.2-4lnOy3Rb1yfISFVEXVfJuH
Registering regex-base-0.93.2...
