Configuring th-lift-0.7.6...
Building th-lift-0.7.6...
Preprocessing library th-lift-0.7.6...
[1 of 1] Compiling Language.Haskell.TH.Lift ( src/Language/Haskell/TH/Lift.hs, .stack-work/dist/x86_64-linux/Cabal-1.24.0.0/build/Language/Haskell/TH/Lift.o )

src/Language/Haskell/TH/Lift.hs:247:15: warning: [-Wname-shadowing]
    This binding for ‘nameSpace’ shadows the existing binding
      imported from ‘Language.Haskell.TH.Syntax’ at src/Language/Haskell/TH/Lift.hs:38:1-33
Running Haddock for th-lift-0.7.6...
Preprocessing library th-lift-0.7.6...

src/Language/Haskell/TH/Lift.hs:247:15: warning: [-Wname-shadowing]
    This binding for ‘nameSpace’ shadows the existing binding
      imported from ‘Language.Haskell.TH.Syntax’ at src/Language/Haskell/TH/Lift.hs:38:1-33
Haddock coverage:
  75% (  6 /  8) in 'Language.Haskell.TH.Lift'
  Missing documentation for:
    Module header
    deriveLiftMany' (src/Language/Haskell/TH/Lift.hs:60)
Documentation created:
.stack-work/dist/x86_64-linux/Cabal-1.24.0.0/doc/html/th-lift/index.html,
.stack-work/dist/x86_64-linux/Cabal-1.24.0.0/doc/html/th-lift/th-lift.txt
Installing library in
/home/gaurish/.stack/snapshots/x86_64-linux/lts-7.0/8.0.1/lib/x86_64-linux-ghc-8.0.1/th-lift-0.7.6-3YgW6AFnN6SEjgDav6Czfy
Registering th-lift-0.7.6...
